0 info it worked if it ends with ok
1 verbose cli [ '/usr/local/bin/node', '/usr/local/bin/npm', 'run', 'commit' ]
2 info using npm@2.14.7
3 info using node@v4.2.1
4 verbose run-script [ 'precommit', 'commit', 'postcommit' ]
5 info precommit diogomiguel-starwars-names@0.0.0-semantically-release
6 info commit diogomiguel-starwars-names@0.0.0-semantically-release
7 verbose unsafe-perm in lifecycle true
8 info diogomiguel-starwars-names@0.0.0-semantically-release Failed to exec commit script
9 verbose stack Error: diogomiguel-starwars-names@0.0.0-semantically-release commit: `git-cz`
9 verbose stack Exit status 1
9 verbose stack     at EventEmitter.<anonymous> (/usr/local/lib/node_modules/npm/lib/utils/lifecycle.js:214:16)
9 verbose stack     at emitTwo (events.js:87:13)
9 verbose stack     at EventEmitter.emit (events.js:172:7)
9 verbose stack     at ChildProcess.<anonymous> (/usr/local/lib/node_modules/npm/lib/utils/spawn.js:24:14)
9 verbose stack     at emitTwo (events.js:87:13)
9 verbose stack     at ChildProcess.emit (events.js:172:7)
9 verbose stack     at maybeClose (internal/child_process.js:818:16)
9 verbose stack     at Process.ChildProcess._handle.onexit (internal/child_process.js:211:5)
10 verbose pkgid diogomiguel-starwars-names@0.0.0-semantically-release
11 verbose cwd /Users/diogosilva/Git/starwars-names
12 error Darwin 14.5.0
13 error argv "/usr/local/bin/node" "/usr/local/bin/npm" "run" "commit"
14 error node v4.2.1
15 error npm  v2.14.7
16 error code ELIFECYCLE
17 error diogomiguel-starwars-names@0.0.0-semantically-release commit: `git-cz`
17 error Exit status 1
18 error Failed at the diogomiguel-starwars-names@0.0.0-semantically-release commit script 'git-cz'.
18 error This is most likely a problem with the diogomiguel-starwars-names package,
18 error not with npm itself.
18 error Tell the author that this fails on your system:
18 error     git-cz
18 error You can get their info via:
18 error     npm owner ls diogomiguel-starwars-names
18 error There is likely additional logging output above.
19 verbose exit [ 1, true ]
